<?xml version="1.0" encoding="UTF-8"?>
<!-- Generated by org.testng.reporters.JUnitReportReporter -->
<testsuite hostname="DESKTOP-MHT982T" failures="0" tests="1" name="com.unitedairline.base.TestRunner" time="15.194" errors="0" timestamp="2021-12-14T11:26:04 EST" skipped="0">
  <testcase classname="com.unitedairline.base.TestRunner" name="runScenario" time="15.194"/>
  <system-out/>
</testsuite> <!-- com.unitedairline.base.TestRunner -->
