<?xml version="1.0" encoding="UTF-8"?>
<!-- Generated by org.testng.reporters.JUnitReportReporter -->
<testsuite hostname="DESKTOP-MHT982T" failures="0" tests="1" name="com.unitedairline.base.TestRunner" time="10.506" errors="0" timestamp="2021-12-14T10:59:05 EST" skipped="0">
  <testcase classname="com.unitedairline.base.TestRunner" name="runScenario" time="10.506"/>
  <system-out/>
</testsuite> <!-- com.unitedairline.base.TestRunner -->
